2019-07-10 20:19:02,314 - root - ERROR - <class 'NameError'>
2019-07-10 20:58:50,985 - root - ERROR - <class 'NameError'>
2019-07-10 20:59:01,938 - root - ERROR - <class 'AttributeError'>
2019-07-10 20:59:47,476 - root - ERROR - <class 'AttributeError'>
2019-07-10 20:59:54,702 - root - ERROR - <class 'AttributeError'>
2019-07-10 21:00:06,398 - root - ERROR - <class 'AttributeError'>
2019-07-10 21:01:45,001 - root - ERROR - CTP服务器，连接被拒绝（或者超时）
2019-07-10 21:02:21,359 - root - ERROR - CTP服务器，连接被拒绝（或者超时）
2019-07-10 21:02:52,508 - root - ERROR - CTP服务器，连接被拒绝（或者超时）
2019-07-10 21:02:52,508 - root - ERROR - CTP服务器，连接被拒绝（或者超时）
2019-07-10 21:02:52,509 - root - ERROR - CTP服务器，连接被拒绝（或者超时）
2019-07-10 21:03:30,537 - root - ERROR - CTP服务器，连接被拒绝（或者超时）
2019-07-10 21:06:28,781 - root - ERROR - 服务器，本地操作系统不支持请求的套接字操作（例如，缺乏IPv6支持）。
2019-07-10 21:06:58,287 - root - ERROR - 服务器，本地操作系统不支持请求的套接字操作（例如，缺乏IPv6支持）。
2019-07-10 21:08:06,895 - root - ERROR - 服务器，连接被拒绝（或者超时）
2019-07-10 21:08:06,895 - root - ERROR - 服务器，连接被拒绝（或者超时）
2019-07-10 21:08:06,896 - root - ERROR - 服务器，连接被拒绝（或者超时）
2019-07-10 21:08:20,678 - root - ERROR - 服务器，本地操作系统不支持请求的套接字操作（例如，缺乏IPv6支持）。
2019-07-10 21:15:08,558 - root - ERROR - <class 'AttributeError'>
2019-07-10 21:16:21,044 - root - ERROR - 服务器，找不到主机地址
2019-07-10 21:23:00,865 - root - ERROR - 服务器，找不到主机地址
2019-07-10 21:23:12,819 - root - ERROR - 服务器，找不到主机地址
2019-07-10 21:23:49,535 - root - ERROR - 服务器，找不到主机地址
2019-07-10 21:27:33,128 - root - ERROR - 服务器，SSL / TLS握手失败，因此连接已关闭（仅在QSslSocket中使用）
2019-07-10 21:27:46,878 - root - ERROR - 服务器，连接被拒绝（或者超时）
2019-07-10 21:27:46,878 - root - ERROR - 服务器，连接被拒绝（或者超时）
2019-07-10 21:27:46,879 - root - ERROR - 服务器，连接被拒绝（或者超时）
2019-07-10 21:33:12,518 - root - ERROR - 服务器，本地操作系统不支持请求的套接字操作（例如，缺乏IPv6支持）。
2019-07-10 21:40:39,301 - engineio.client - ERROR - requests package is not installed -- cannot send HTTP requests!
2019-07-10 21:41:10,972 - engineio.client - ERROR - requests package is not installed -- cannot send HTTP requests!
2019-07-10 21:46:35,777 - root - ERROR - <class 'AttributeError'>
2019-07-10 21:47:04,650 - root - ERROR - 服务器，本地操作系统不支持请求的套接字操作（例如，缺乏IPv6支持）。
2019-07-10 22:07:27,875 - root - ERROR - <class 'AttributeError'>
2019-07-10 22:08:23,706 - root - ERROR - <class 'AttributeError'>
2019-07-10 22:31:26,832 - root - ERROR - 服务器，本地操作系统不支持请求的套接字操作（例如，缺乏IPv6支持）。
2019-07-10 22:31:46,257 - root - ERROR - 服务器，本地操作系统不支持请求的套接字操作（例如，缺乏IPv6支持）。
2019-07-10 22:38:42,216 - root - ERROR - 服务器，本地操作系统不支持请求的套接字操作（例如，缺乏IPv6支持）。
2019-07-10 22:42:44,827 - root - ERROR - 服务器，连接被拒绝（或者超时）
2019-07-10 22:42:44,828 - root - ERROR - 服务器，连接被拒绝（或者超时）
2019-07-10 22:42:44,828 - root - ERROR - 服务器，连接被拒绝（或者超时）
2019-07-10 22:46:59,125 - root - ERROR - 服务器，连接被拒绝（或者超时）
2019-07-10 22:46:59,127 - root - ERROR - 服务器，连接被拒绝（或者超时）
2019-07-10 22:46:59,127 - root - ERROR - 服务器，连接被拒绝（或者超时）
2019-07-10 22:49:04,335 - root - ERROR - <class 'json.decoder.JSONDecodeError'>
2019-07-11 07:20:36,368 - root - ERROR - <class 'json.decoder.JSONDecodeError'>
2019-07-11 07:21:15,344 - root - ERROR - <class 'json.decoder.JSONDecodeError'>
2019-07-11 07:34:47,594 - root - ERROR - <class 'TypeError'>
2019-07-11 07:35:17,414 - root - ERROR - <class 'TypeError'>
2019-07-11 07:40:46,655 - root - ERROR - <class 'KeyboardInterrupt'>
2019-07-11 07:41:22,104 - root - ERROR - <class 'KeyboardInterrupt'>
2019-07-11 09:11:57,803 - root - ERROR - <class 'selenium.common.exceptions.NoSuchElementException'>
2019-07-11 09:15:51,598 - root - ERROR - <class 'TypeError'>
2019-07-11 09:16:20,538 - root - ERROR - <class 'AttributeError'>
2019-07-11 09:21:10,905 - root - ERROR - <class 'KeyError'>
2019-07-11 09:21:54,169 - root - ERROR - 服务器，连接被拒绝（或者超时）
2019-07-11 09:21:54,169 - root - ERROR - 服务器，连接被拒绝（或者超时）
2019-07-11 09:21:54,170 - root - ERROR - 服务器，连接被拒绝（或者超时）
2019-07-11 09:24:21,947 - root - ERROR - <class 'AttributeError'>
2019-07-11 09:35:11,503 - root - ERROR - <class 'TypeError'>
2019-07-11 09:36:02,183 - root - ERROR - <class 'AttributeError'>
2019-07-11 09:36:25,448 - root - ERROR - <class 'selenium.common.exceptions.WebDriverException'>
2019-07-11 09:38:37,774 - root - ERROR - <class 'selenium.common.exceptions.WebDriverException'>
2019-07-11 09:40:29,128 - root - ERROR - <class 'selenium.common.exceptions.WebDriverException'>
2019-07-11 09:41:37,090 - root - ERROR - <class 'selenium.common.exceptions.WebDriverException'>
2019-07-11 09:42:24,402 - root - ERROR - <class 'AttributeError'>
2019-07-11 09:44:50,880 - root - ERROR - <class 'AttributeError'>
2019-07-11 10:13:24,765 - root - ERROR - 服务器，连接被远程服务器断开，请注意，在发送远程关闭通知后，将关闭客户端套接字（即此套接字）
2019-07-11 14:12:47,349 - root - ERROR - <class 'TypeError'>
2019-07-11 14:33:57,837 - root - ERROR - 服务器，连接被远程服务器断开，请注意，在发送远程关闭通知后，将关闭客户端套接字（即此套接字）
2019-07-11 14:40:06,842 - root - ERROR - <class 'selenium.common.exceptions.InvalidSelectorException'>
2019-07-11 14:42:29,257 - root - ERROR - <class 'selenium.common.exceptions.InvalidSelectorException'>
2019-07-11 14:44:08,895 - root - ERROR - <class 'selenium.common.exceptions.NoSuchElementException'>
2019-07-11 14:47:07,575 - root - ERROR - <class 'selenium.common.exceptions.NoSuchElementException'>
2019-07-11 14:52:03,768 - root - ERROR - 网速太慢，无法加载出网页，导致元素无法定位或者元素的class已经被修改Message: no such element: Unable to locate element: {"method":"class name","selector":".am-button-innerNav.button-myalipay"}
  (Session info: chrome=75.0.3770.100)
  (Driver info: chromedriver=2.40.565386 (45a059dc425e08165f9a10324bd1380cc13ca363),platform=Mac OS X 10.14.4 x86_64)

2019-07-11 14:56:12,803 - root - ERROR - <class 'IndexError'>
2019-07-11 15:36:31,031 - root - ERROR - 网速太慢，无法加载出网页，导致元素无法定位或者元素的class已经被修改Message: invalid selector: An invalid or illegal class name was specified
  (Session info: chrome=75.0.3770.100)
  (Driver info: chromedriver=2.40.565386 (45a059dc425e08165f9a10324bd1380cc13ca363),platform=Mac OS X 10.14.4 x86_64)

2019-07-11 15:38:33,730 - root - ERROR - 网速太慢，无法加载出网页，导致元素无法定位或者元素的class已经被修改Message: invalid selector: An invalid or illegal class name was specified
  (Session info: chrome=75.0.3770.100)
  (Driver info: chromedriver=2.40.565386 (45a059dc425e08165f9a10324bd1380cc13ca363),platform=Mac OS X 10.14.4 x86_64)

2019-07-11 15:39:35,071 - root - ERROR - 网速太慢，无法加载出网页，导致元素无法定位或者元素的class已经被修改Message: invalid selector: Unable to locate an element with the xpath expression //*[@id='J_mainMenu'']/dl/dd/a because of the following error:
SyntaxError: Failed to execute 'evaluate' on 'Document': The string '//*[@id='J_mainMenu'']/dl/dd/a' is not a valid XPath expression.
  (Session info: chrome=75.0.3770.100)
  (Driver info: chromedriver=2.40.565386 (45a059dc425e08165f9a10324bd1380cc13ca363),platform=Mac OS X 10.14.4 x86_64)

2019-07-11 15:56:19,183 - root - ERROR - 服务器，连接被远程服务器断开，请注意，在发送远程关闭通知后，将关闭客户端套接字（即此套接字）
2019-07-11 18:27:47,405 - root - ERROR - 网速太慢，无法加载出网页，导致元素无法定位或者元素的class已经被修改Message: no such element: Unable to locate element: {"method":"xpath","selector":"//*[@id='welcome']/a"}
  (Session info: chrome=75.0.3770.100)
  (Driver info: chromedriver=2.40.565386 (45a059dc425e08165f9a10324bd1380cc13ca363),platform=Mac OS X 10.14.4 x86_64)

2019-07-11 20:50:18,304 - root - ERROR - 服务器，连接被远程服务器断开，请注意，在发送远程关闭通知后，将关闭客户端套接字（即此套接字）
2019-07-11 20:53:20,866 - root - ERROR - 网速太慢，无法加载出网页，导致元素无法定位或者元素的class已经被修改Message: no such element: Unable to locate element: {"method":"xpath","selector":"//*[@id='container']/div[1]/ul/li[2]/a"}
  (Session info: chrome=75.0.3770.100)
  (Driver info: chromedriver=2.40.565386 (45a059dc425e08165f9a10324bd1380cc13ca363),platform=Mac OS X 10.14.4 x86_64)

2019-07-11 20:54:50,497 - root - ERROR - 网速太慢，无法加载出网页，导致元素无法定位或者元素的class已经被修改Message: no such element: Unable to locate element: {"method":"xpath","selector":"//*[@id='container']/div[1]/ul/li[2]/a"}
  (Session info: chrome=75.0.3770.100)
  (Driver info: chromedriver=2.40.565386 (45a059dc425e08165f9a10324bd1380cc13ca363),platform=Mac OS X 10.14.4 x86_64)

2019-07-11 21:11:30,957 - root - ERROR - 服务器，连接被远程服务器断开，请注意，在发送远程关闭通知后，将关闭客户端套接字（即此套接字）
2019-07-11 21:20:01,365 - root - ERROR - <class 'AttributeError'>
2019-07-11 21:23:04,968 - root - ERROR - 网速太慢，无法加载出网页，导致元素无法定位或者元素的class已经被修改Message: no such element: Unable to locate element: {"method":"xpath","selector":"//*[@id='container']/div[1]/ul/li[2]/a"}
  (Session info: chrome=75.0.3770.100)
  (Driver info: chromedriver=2.40.565386 (45a059dc425e08165f9a10324bd1380cc13ca363),platform=Mac OS X 10.14.4 x86_64)

2019-07-11 21:29:26,759 - root - ERROR - 网速太慢，无法加载出网页，导致元素无法定位或者元素的class已经被修改Message: no such element: Unable to locate element: {"method":"xpath","selector":"//*[@value='ICBCicbc105_DEPOSIT_DEBIT_EBANK_XBOX_MODEL']"}
  (Session info: chrome=75.0.3770.100)
  (Driver info: chromedriver=2.40.565386 (45a059dc425e08165f9a10324bd1380cc13ca363),platform=Mac OS X 10.14.4 x86_64)

2019-07-11 21:30:39,425 - root - ERROR - 网速太慢，无法加载出网页，导致元素无法定位或者元素的class已经被修改Message: no such element: Unable to locate element: {"method":"xpath","selector":"//*[@id='container']/div[1]/ul/li[2]/a"}
  (Session info: chrome=75.0.3770.100)
  (Driver info: chromedriver=2.40.565386 (45a059dc425e08165f9a10324bd1380cc13ca363),platform=Mac OS X 10.14.4 x86_64)

2019-07-11 21:34:52,532 - root - ERROR - 网速太慢，无法加载出网页，导致元素无法定位或者元素的class已经被修改Message: no such element: Unable to locate element: {"method":"xpath","selector":"//*[@value='CCBccb103_DEPOSIT_DEBIT_EBANK_XBOX_MODEL']"}
  (Session info: chrome=75.0.3770.100)
  (Driver info: chromedriver=2.40.565386 (45a059dc425e08165f9a10324bd1380cc13ca363),platform=Mac OS X 10.14.4 x86_64)

2019-07-11 21:38:39,138 - root - ERROR - 网速太慢，无法加载出网页，导致元素无法定位或者元素的class已经被修改Message: no such element: Unable to locate element: {"method":"xpath","selector":"//*[@value='CCBccb103_DEPOSIT_DEBIT_EBANK_XBOX_MODEL']"}
  (Session info: chrome=75.0.3770.100)
  (Driver info: chromedriver=2.40.565386 (45a059dc425e08165f9a10324bd1380cc13ca363),platform=Mac OS X 10.14.4 x86_64)

2019-07-11 21:39:40,777 - root - ERROR - 网速太慢，无法加载出网页，导致元素无法定位或者元素的class已经被修改Message: no such element: Unable to locate element: {"method":"xpath","selector":"//input[@value='CCBccb103_DEPOSIT_DEBIT_EBANK_XBOX_MODEL']"}
  (Session info: chrome=75.0.3770.100)
  (Driver info: chromedriver=2.40.565386 (45a059dc425e08165f9a10324bd1380cc13ca363),platform=Mac OS X 10.14.4 x86_64)

2019-07-11 21:45:07,425 - root - ERROR - 网速太慢，无法加载出网页，导致元素无法定位或者元素的class已经被修改Message: no such element: Unable to locate element: {"method":"xpath","selector":"//input[@value='ABCabc101_DEPOSIT_DEBIT_EBANK_XBOX_MODEL']"}
  (Session info: chrome=75.0.3770.100)
  (Driver info: chromedriver=2.40.565386 (45a059dc425e08165f9a10324bd1380cc13ca363),platform=Mac OS X 10.14.4 x86_64)

2019-07-11 21:46:13,645 - root - ERROR - 网速太慢，无法加载出网页，导致元素无法定位或者元素的class已经被修改Message: no such element: Unable to locate element: {"method":"xpath","selector":"//*[@id='J-b2c_ebank-abc101-3']"}
  (Session info: chrome=75.0.3770.100)
  (Driver info: chromedriver=2.40.565386 (45a059dc425e08165f9a10324bd1380cc13ca363),platform=Mac OS X 10.14.4 x86_64)

2019-07-11 21:47:32,957 - root - ERROR - 网速太慢，无法加载出网页，导致元素无法定位或者元素的class已经被修改Message: no such element: Unable to locate element: {"method":"xpath","selector":"//*[@id='J-b2c_ebank-abc101-3']"}
  (Session info: chrome=75.0.3770.100)
  (Driver info: chromedriver=2.40.565386 (45a059dc425e08165f9a10324bd1380cc13ca363),platform=Mac OS X 10.14.4 x86_64)

2019-07-11 21:56:29,969 - root - ERROR - 网速太慢，无法加载出网页，导致元素无法定位或者元素的class已经被修改Message: no such element: Unable to locate element: {"method":"xpath","selector":"//input[@id='J-b2c_ebank-abc101-3']"}
  (Session info: chrome=75.0.3770.100)
  (Driver info: chromedriver=2.40.565386 (45a059dc425e08165f9a10324bd1380cc13ca363),platform=Mac OS X 10.14.4 x86_64)

2019-07-11 22:06:05,748 - root - ERROR - 服务器，连接被远程服务器断开，请注意，在发送远程关闭通知后，将关闭客户端套接字（即此套接字）
2019-07-11 22:30:03,062 - root - ERROR - <class 'selenium.common.exceptions.WebDriverException'>
2019-07-11 22:31:39,272 - root - ERROR - <class 'selenium.common.exceptions.WebDriverException'>
2019-07-11 22:46:13,953 - root - ERROR - 网速太慢，无法加载出网页，导致元素无法定位或者元素的class已经被修改Message: invalid selector: Unable to locate an element with the xpath expression //input[@value='CCBccb103_DEPOSIT_DEBIT_EBANK_XBOX_MODEL' because of the following error:
SyntaxError: Failed to execute 'evaluate' on 'Document': The string '//input[@value='CCBccb103_DEPOSIT_DEBIT_EBANK_XBOX_MODEL'' is not a valid XPath expression.
  (Session info: chrome=75.0.3770.100)
  (Driver info: chromedriver=2.40.565386 (45a059dc425e08165f9a10324bd1380cc13ca363),platform=Mac OS X 10.14.4 x86_64)

2019-07-11 23:08:42,444 - root - ERROR - 服务器，连接被远程服务器断开，请注意，在发送远程关闭通知后，将关闭客户端套接字（即此套接字）
